<?xml version="1.0" encoding="UTF-8"?>
<testsuite xmlns:xsi="http://www.w3.org/2001/XMLSchema-instance" xsi:noNamespaceSchemaLocation="https://maven.apache.org/surefire/maven-surefire-plugin/xsd/surefire-test-report-3.0.xsd" version="3.0" name="ca.mcgill.ecse429.api_testing.TodoAPITest" time="2.375" tests="25" errors="0" skipped="0" failures="0">
  <properties>
[...]
</properties>
  <testcase name="testPostTodosJSON" classname="ca.mcgill.ecse429.api_testing.TodoAPITest" time="0.525"/>
  <testcase name="testGetIDTodosXML" classname="ca.mcgill.ecse429.api_testing.TodoAPITest" time="0.172"/>
  <testcase name="testPostTodosWithoutTitleJSON" classname="ca.mcgill.ecse429.api_testing.TodoAPITest" time="0.014"/>
  <testcase name="testPutIDTodosNonExistingIDXML" classname="ca.mcgill.ecse429.api_testing.TodoAPITest" time="0.049"/>
  <testcase name="testDeleteIDTodosNonExistingIDXML" classname="ca.mcgill.ecse429.api_testing.TodoAPITest" time="0.02"/>
  <testcase name="testTodosGetNonExistingIDXML" classname="ca.mcgill.ecse429.api_testing.TodoAPITest" time="0.016"/>
  <testcase name="testDeleteIDTodosJSON" classname="ca.mcgill.ecse429.api_testing.TodoAPITest" time="0.031"/>
  <testcase name="testPostIDTodosJSON" classname="ca.mcgill.ecse429.api_testing.TodoAPITest" time="0.029"/>
  <testcase name="testOptionsIDTodosJSON" classname="ca.mcgill.ecse429.api_testing.TodoAPITest" time="0.01"/>
  <testcase name="testPostTodosXML" classname="ca.mcgill.ecse429.api_testing.TodoAPITest" time="0.035"/>
  <testcase name="testPutIDTodosNonExistingIDJSON" classname="ca.mcgill.ecse429.api_testing.TodoAPITest" time="0.011"/>
  <testcase name="testHeadTodosJSON" classname="ca.mcgill.ecse429.api_testing.TodoAPITest" time="0.011"/>
  <testcase name="testHeadIDTodosJSON" classname="ca.mcgill.ecse429.api_testing.TodoAPITest" time="0.009"/>
  <testcase name="testDeleteIDTodosXML" classname="ca.mcgill.ecse429.api_testing.TodoAPITest" time="0.043"/>
  <testcase name="testPutIDTodosJSON" classname="ca.mcgill.ecse429.api_testing.TodoAPITest" time="0.036"/>
  <testcase name="testPostIDTodosXML" classname="ca.mcgill.ecse429.api_testing.TodoAPITest" time="0.029"/>
  <testcase name="testPostTodosWithoutTitleXML" classname="ca.mcgill.ecse429.api_testing.TodoAPITest" time="0.009"/>
  <testcase name="testHeadIDTodosXML" classname="ca.mcgill.ecse429.api_testing.TodoAPITest" time="0.007"/>
  <testcase name="testGetIDTodosJSON" classname="ca.mcgill.ecse429.api_testing.TodoAPITest" time="0.046"/>
  <testcase name="testTodosGetJSON" classname="ca.mcgill.ecse429.api_testing.TodoAPITest" time="0.006"/>
  <testcase name="testTodosGetNonExistingIDJSON" classname="ca.mcgill.ecse429.api_testing.TodoAPITest" time="0.007"/>
  <testcase name="testPutIDTodosXML" classname="ca.mcgill.ecse429.api_testing.TodoAPITest" time="0.029"/>
  <testcase name="testDeleteIDTodosNonExistingIDJSON" classname="ca.mcgill.ecse429.api_testing.TodoAPITest" time="0.008"/>
  <testcase name="testTodosGetXML" classname="ca.mcgill.ecse429.api_testing.TodoAPITest" time="0.019"/>
  <testcase name="testHeadTodosXML" classname="ca.mcgill.ecse429.api_testing.TodoAPITest" time="0.007"/>
</testsuite>