<?xml version="1.0" encoding="UTF-8"?>
<testsuite xmlns:xsi="http://www.w3.org/2001/XMLSchema-instance" xsi:noNamespaceSchemaLocation="https://maven.apache.org/surefire/maven-surefire-plugin/xsd/surefire-test-report-3.0.xsd" version="3.0" name="ca.mcgill.ecse429.api_testing.TodoAPITest" time="1.912" tests="2" errors="0" skipped="0" failures="0">
  <properties>
[...]
</properties>
  <testcase name="testGetTodos" classname="ca.mcgill.ecse429.api_testing.TodoAPITest" time="1.881"/>
  <testcase name="test_get_projects" classname="ca.mcgill.ecse429.api_testing.TodoAPITest" time="0.012"/>
</testsuite>